build/app/intermediates/manifest_merge_blame_file/release/manifest-merger-blame-release-report.txt
1<?xml version="1.0" encoding="utf-8"?>
2<manifest xmlns:android="http://schemas.android.com/apk/res/android"
3    package="com.example.barcode"
4    android:versionCode="1"
5    android:versionName="0.1.0" >
6
7    <uses-sdk
8        android:minSdkVersion="16"
8-->src\main\AndroidManifest.xml
9        android:targetSdkVersion="33" />
9-->src\main\AndroidManifest.xml
10
11    <uses-permission android:name="android.permission.CAMERA" />
11-->[:flutter_barcode_scanner] AndroidManifest.xml:9:5-65
11-->[:flutter_barcode_scanner] AndroidManifest.xml:9:22-62
12
13    <uses-feature android:name="android.hardware.camera" />
13-->[:flutter_barcode_scanner] AndroidManifest.xml:11:5-60
13-->[:flutter_barcode_scanner] AndroidManifest.xml:11:19-57
14
15    <uses-permission android:name="android.permission.FLASHLIGHT" />
15-->[:flutter_barcode_scanner] AndroidManifest.xml:13:5-69
15-->[:flutter_barcode_scanner] AndroidManifest.xml:13:22-66
16
17    <application
18        android:name="android.app.Application"
18-->src\main\AndroidManifest.xml:5:9-42
19        android:appComponentFactory="androidx.core.app.CoreComponentFactory"
19-->[androidx.core:core:1.6.0] AndroidManifest.xml:24:18-86
20        android:icon="@mipmap/ic_launcher"
20-->src\main\AndroidManifest.xml:6:9-43
21        android:label="barcode"
21-->src\main\AndroidManifest.xml:4:9-32
22        android:largeHeap="true"
22-->[:flutter_barcode_scanner] AndroidManifest.xml:16:9-33
23        android:theme="@style/Theme.AppCompat.NoActionBar" >
23-->[:flutter_barcode_scanner] AndroidManifest.xml:17:9-59
24        <activity
24-->src\main\AndroidManifest.xml:7:9-27:20
25            android:name="com.example.barcode.MainActivity"
25-->src\main\AndroidManifest.xml:8:13-41
26            android:configChanges="orientation|keyboardHidden|keyboard|screenSize|smallestScreenSize|locale|layoutDirection|fontScale|screenLayout|density|uiMode"
26-->src\main\AndroidManifest.xml:12:13-163
27            android:exported="true"
27-->src\main\AndroidManifest.xml:9:13-36
28            android:hardwareAccelerated="true"
28-->src\main\AndroidManifest.xml:13:13-47
29            android:launchMode="singleTop"
29-->src\main\AndroidManifest.xml:10:13-43
30            android:theme="@style/LaunchTheme"
30-->src\main\AndroidManifest.xml:11:13-47
31            android:windowSoftInputMode="adjustResize" >
31-->src\main\AndroidManifest.xml:14:13-55
32
33            <!--
34                 Specifies an Android theme to apply to this Activity as soon as
35                 the Android process has started. This theme is visible to the user
36                 while the Flutter UI initializes. After that, this theme continues
37                 to determine the Window background behind the Flutter UI.
38            -->
39            <meta-data
39-->src\main\AndroidManifest.xml:19:13-22:17
40                android:name="io.flutter.embedding.android.NormalTheme"
40-->src\main\AndroidManifest.xml:20:15-70
41                android:resource="@style/NormalTheme" />
41-->src\main\AndroidManifest.xml:21:15-52
42
43            <intent-filter>
43-->src\main\AndroidManifest.xml:23:13-26:29
44                <action android:name="android.intent.action.MAIN" />
44-->src\main\AndroidManifest.xml:24:17-68
44-->src\main\AndroidManifest.xml:24:25-66
45
46                <category android:name="android.intent.category.LAUNCHER" />
46-->src\main\AndroidManifest.xml:25:17-76
46-->src\main\AndroidManifest.xml:25:27-74
47            </intent-filter>
48        </activity>
49        <!--
50             Don't delete the meta-data below.
51             This is used by the Flutter tool to generate GeneratedPluginRegistrant.java
52        -->
53        <meta-data
53-->src\main\AndroidManifest.xml:30:9-32:33
54            android:name="flutterEmbedding"
54-->src\main\AndroidManifest.xml:31:13-44
55            android:value="2" />
55-->src\main\AndroidManifest.xml:32:13-30
56
57        <activity android:name="com.amolg.flutterbarcodescanner.BarcodeCaptureActivity" />
57-->[:flutter_barcode_scanner] AndroidManifest.xml:18:9-91
57-->[:flutter_barcode_scanner] AndroidManifest.xml:18:19-88
58
59        <uses-library
59-->[androidx.window:window:1.0.0-beta04] AndroidManifest.xml:25:9-27:40
60            android:name="androidx.window.extensions"
60-->[androidx.window:window:1.0.0-beta04] AndroidManifest.xml:26:13-54
61            android:required="false" />
61-->[androidx.window:window:1.0.0-beta04] AndroidManifest.xml:27:13-37
62        <uses-library
62-->[androidx.window:window:1.0.0-beta04] AndroidManifest.xml:28:9-30:40
63            android:name="androidx.window.sidecar"
63-->[androidx.window:window:1.0.0-beta04] AndroidManifest.xml:29:13-51
64            android:required="false" />
64-->[androidx.window:window:1.0.0-beta04] AndroidManifest.xml:30:13-37
65
66        <activity
66-->[com.google.android.gms:play-services-base:17.4.0] AndroidManifest.xml:23:9-26:75
67            android:name="com.google.android.gms.common.api.GoogleApiActivity"
67-->[com.google.android.gms:play-services-base:17.4.0] AndroidManifest.xml:24:13-79
68            android:exported="false"
68-->[com.google.android.gms:play-services-base:17.4.0] AndroidManifest.xml:25:13-37
69            android:theme="@android:style/Theme.Translucent.NoTitleBar" />
69-->[com.google.android.gms:play-services-base:17.4.0] AndroidManifest.xml:26:13-72
70
71        <meta-data
71-->[com.google.android.gms:play-services-basement:17.4.0] AndroidManifest.xml:23:9-25:69
72            android:name="com.google.android.gms.version"
72-->[com.google.android.gms:play-services-basement:17.4.0] AndroidManifest.xml:24:13-58
73            android:value="@integer/google_play_services_version" />
73-->[com.google.android.gms:play-services-basement:17.4.0] AndroidManifest.xml:25:13-66
74    </application>
75
76</manifest>